<?xml version="1.0" encoding="UTF-8" ?>
<testsuite failures="0" time="0.001" errors="0" skipped="0" tests="1" name="artifactory.test.AppTest">
  <properties>
    <property name="java.vendor" value="Oracle Corporation"/>
    <property name="JOB_NAME" value="maven-example"/>
    <property name="sun.java.launcher" value="SUN_STANDARD"/>
    <property name="NUMBER_OF_PROCESSORS" value="4"/>
    <property name="sun.management.compiler" value="HotSpot 64-Bit Tiered Compilers"/>
    <property name="JENKINS_HOME" value="C:\Users\Itamar\.jenkins"/>
    <property name="HUDSON_SERVER_COOKIE" value="cd8e644d6357079c"/>
    <property name="POM_ARTIFACTID" value="multi"/>
    <property name="os.name" value="Windows 8.1"/>
    <property name="BUILDINFO_PROPFILE" value="C:\Users\Itamar\AppData\Local\Temp\buildInfo1627316114651402481.properties"/>
    <property name="sun.boot.class.path" value="C:\Software\Java\jdk1.7.0_67\jre\lib\resources.jar;C:\Software\Java\jdk1.7.0_67\jre\lib\rt.jar;C:\Software\Java\jdk1.7.0_67\jre\lib\sunrsasign.jar;C:\Software\Java\jdk1.7.0_67\jre\lib\jsse.jar;C:\Software\Java\jdk1.7.0_67\jre\lib\jce.jar;C:\Software\Java\jdk1.7.0_67\jre\lib\charsets.jar;C:\Software\Java\jdk1.7.0_67\jre\lib\jfr.jar;C:\Software\Java\jdk1.7.0_67\jre\classes"/>
    <property name="EXECUTOR_NUMBER" value="0"/>
    <property name="user.country.format" value="IL"/>
    <property name="sun.desktop" value="windows"/>
    <property name="PATHEXT" value=".COM;.EXE;.BAT;.CMD;.VBS;.VBE;.JS;.JSE;.WSF;.WSH;.MSC"/>
    <property name="java.vm.specification.vendor" value="Oracle Corporation"/>
    <property name="POM_DISPLAYNAME" value="Simple Multi Modules Build"/>
    <property name="NODE_LABELS" value="master"/>
    <property name="TEMP" value="C:\Users\Itamar\AppData\Local\Temp"/>
    <property name="java.runtime.version" value="1.7.0_67-b01"/>
    <property name="user.name" value="Itamar"/>
    <property name="user.language.format" value="he"/>
    <property name="guice.disable.misplaced.annotation.check" value="true"/>
    <property name="CommonProgramW6432" value="C:\Program Files\Common Files"/>
    <property name="PP22_EXE4J_JAVA_HOME" value="C:\software\Java\jdk1.7.0_67"/>
    <property name="ProgramFiles" value="C:\Program Files"/>
    <property name="extractor.used" value="true"/>
    <property name="PROMPT" value="$P$G"/>
    <property name="user.language" value="en"/>
    <property name="BUILD_DISPLAY_NAME" value="#92"/>
    <property name="sun.boot.library.path" value="C:\Software\Java\jdk1.7.0_67\jre\bin"/>
    <property name="LOCALAPPDATA" value="C:\Users\Itamar\AppData\Local"/>
    <property name="java.version" value="1.7.0_67"/>
    <property name="PROCESSOR_LEVEL" value="6"/>
    <property name="user.timezone" value="Asia/Jerusalem"/>
    <property name="USERNAME" value="Itamar"/>
    <property name="sun.arch.data.model" value="64"/>
    <property name="NODE_NAME" value="master"/>
    <property name="java.endorsed.dirs" value="C:\Software\Java\jdk1.7.0_67\jre\lib\endorsed"/>
    <property name="BUILD_ID" value="2014-10-22_04-19-02"/>
    <property name="sun.cpu.isalist" value="amd64"/>
    <property name="sun.jnu.encoding" value="Cp1255"/>
    <property name="file.encoding.pkg" value="sun.io"/>
    <property name="file.separator" value="\"/>
    <property name="java.specification.name" value="Java Platform API Specification"/>
    <property name="HOMEDRIVE" value="C:"/>
    <property name="java.class.version" value="51.0"/>
    <property name="org.slf4j.simpleLogger.defaultLogLevel" value="info"/>
    <property name="user.country" value="GB"/>
    <property name="ALLUSERSPROFILE" value="C:\ProgramData"/>
    <property name="java.home" value="C:\Software\Java\jdk1.7.0_67\jre"/>
    <property name="java.vm.info" value="mixed mode"/>
    <property name="os.version" value="6.3"/>
    <property name="RADLE_HOME" value="C:\Software\Gradle\gradle-1.7"/>
    <property name="POM_VERSION" value="2.18-SNAPSHOT"/>
    <property name="TMP" value="C:\Users\Itamar\AppData\Local\Temp"/>
    <property name="path.separator" value=";"/>
    <property name="java.vm.version" value="24.65-b04"/>
    <property name="user.variant" value=""/>
    <property name="GIT_PREVIOUS_COMMIT" value="2ef7ced10193be6dd0bbeec9724ed8ec9ee3c454"/>
    <property name="CommonProgramFiles(x86)" value="C:\Program Files (x86)\Common Files"/>
    <property name="USERDOMAIN_ROAMINGPROFILE" value="ITAMAR"/>
    <property name="java.awt.printerjob" value="sun.awt.windows.WPrinterJob"/>
    <property name="FP_NO_HOST_CHECK" value="NO"/>
    <property name="JAVA_HOME" value="C:\Software\Java\jdk1.7.0_67"/>
    <property name="sun.io.unicode.encoding" value="UnicodeLittle"/>
    <property name="CommonProgramFiles" value="C:\Program Files\Common Files"/>
    <property name="ComSpec" value="C:\Windows\system32\cmd.exe"/>
    <property name="HOMEPATH" value="\Users\Itamar"/>
    <property name="awt.toolkit" value="sun.awt.windows.WToolkit"/>
    <property name="POM_PACKAGING" value="pom"/>
    <property name="user.script" value=""/>
    <property name="COMPUTERNAME" value="ITAMAR"/>
    <property name="HOME" value="C:\Users\Itamar"/>
    <property name="POM_GROUPID" value="org.jfrog.test"/>
    <property name="VBOX_MSI_INSTALL_PATH" value="C:\Program Files\Oracle\VirtualBox\"/>
    <property name="user.home" value="C:\Users\Itamar"/>
    <property name="PUBLIC" value="C:\Users\Public"/>
    <property name="BUILD_TAG" value="jenkins-maven-example-92"/>
    <property name="JENKINS_SERVER_COOKIE" value="cd8e644d6357079c"/>
    <property name="HUDSON_URL" value="http://localhost:8080/"/>
    <property name="ProgramData" value="C:\ProgramData"/>
    <property name="java.specification.vendor" value="Oracle Corporation"/>
    <property name="USERPROFILE" value="C:\Users\Itamar"/>
    <property name="CLASSPATH" value=""/>
    <property name="java.vendor.url" value="http://java.oracle.com/"/>
    <property name="java.library.path" value="C:\Software\Java\jdk1.7.0_67\bin;C:\Windows\Sun\Java\bin;C:\Windows\system32;C:\Windows;C:\Software\Maven\apache-maven-3.1.1/bin;C:\Software\Java\jdk1.7.0_67/bin;C:\Software\Java\jdk1.7.0_67/bin;C:\Program Files (x86)\NVIDIA Corporation\PhysX\Common;C:\Windows\system32;C:\Windows;C:\Windows\System32\Wbem;C:\Windows\System32\WindowsPowerShell\v1.0\;C:\Program Files (x86)\MySQL\MySQL Utilities 1.4.3\;C:\Program Files (x86)\MySQL\MySQL Utilities 1.4.3\Doctrine extensions for PHP\;C:\Program Files\nodejs\;C:\Software\NuGet;C:\Software\curl\7.33;C:\Software\Maven\apache-maven-3.2.1\bin;C:\Program Files (x86)\Git\cmd;C:\Program Files\OpenVPN\bin;C:\Software\Gradle\gradle-1.7\bin;C:\Ruby193\bin;C:\Users\Itamar\AppData\Roaming\npm;."/>
    <property name="java.vm.vendor" value="Oracle Corporation"/>
    <property name="APPDATA" value="C:\Users\Itamar\AppData\Roaming"/>
    <property name="java.runtime.name" value="Java(TM) SE Runtime Environment"/>
    <property name="maven.home" value="C:\Software\Maven\apache-maven-3.1.1"/>
    <property name="java.class.path" value="C:\Users\Itamar\.jenkins\plugins\maven-plugin\WEB-INF\lib\maven31-agent-1.5.jar;C:\Software\Maven\apache-maven-3.1.1\boot\plexus-classworlds-2.5.1.jar;C:\Software\Maven\apache-maven-3.1.1/conf/logging"/>
    <property name="sun.java.command" value="jenkins.maven3.agent.Maven31Main C:\Software\Maven\apache-maven-3.1.1 C:\Users\Itamar\.jenkins\war\WEB-INF\lib\remoting-2.46.jar C:\Users\Itamar\.jenkins\plugins\maven-plugin\WEB-INF\lib\maven31-interceptor-1.5.jar C:\Users\Itamar\.jenkins\plugins\maven-plugin\WEB-INF\lib\maven3-interceptor-commons-1.5.jar 53051"/>
    <property name="Path" value="C:\Software\Java\jdk1.7.0_67/bin;C:\Program Files (x86)\NVIDIA Corporation\PhysX\Common;C:\Windows\system32;C:\Windows;C:\Windows\System32\Wbem;C:\Windows\System32\WindowsPowerShell\v1.0\;C:\Program Files (x86)\MySQL\MySQL Utilities 1.4.3\;C:\Program Files (x86)\MySQL\MySQL Utilities 1.4.3\Doctrine extensions for PHP\;C:\Program Files\nodejs\;C:\Software\NuGet;C:\Software\curl\7.33;C:\Software\Maven\apache-maven-3.2.1\bin;C:\Program Files (x86)\Git\cmd;C:\Program Files\OpenVPN\bin;C:\Software\Gradle\gradle-1.7\bin;C:\Ruby193\bin;C:\Users\Itamar\AppData\Roaming\npm"/>
    <property name="RUBYGEMS_HOST" value="http://localhost:8081/artifactory/api/gems/gem-local"/>
    <property name="java.vm.specification.name" value="Java Virtual Machine Specification"/>
    <property name="PROCESSOR_ARCHITECTURE" value="AMD64"/>
    <property name="PATH+JDK" value="C:\Software\Java\jdk1.7.0_67/bin"/>
    <property name="PROCESSOR_IDENTIFIER" value="Intel64 Family 6 Model 69 Stepping 1, GenuineIntel"/>
    <property name="SESSIONNAME" value="Console"/>
    <property name="java.vm.specification.version" value="1.7"/>
    <property name="sun.os.patch.level" value=""/>
    <property name="sun.cpu.endian" value="little"/>
    <property name="M2_HOME" value="C:\Software\Maven\apache-maven-3.1.1"/>
    <property name="java.io.tmpdir" value="C:\Users\Itamar\AppData\Local\Temp\"/>
    <property name="OS" value="Windows_NT"/>
    <property name="HUDSON_HOME" value="C:\Users\Itamar\.jenkins"/>
    <property name="PATH+MAVEN" value="C:\Software\Maven\apache-maven-3.1.1/bin"/>
    <property name="ProgramFiles(x86)" value="C:\Program Files (x86)"/>
    <property name="BUILD_URL" value="http://localhost:8080/job/maven-example/92/"/>
    <property name="java.vendor.url.bug" value="http://bugreport.sun.com/bugreport/"/>
    <property name="buildInfoConfig.propertiesFile" value="C:\Users\Itamar\AppData\Local\Temp\buildInfo1627316114651402481.properties"/>
    <property name="java.awt.graphicsenv" value="sun.awt.Win32GraphicsEnvironment"/>
    <property name="os.arch" value="amd64"/>
    <property name="SystemRoot" value="C:\Windows"/>
    <property name="java.ext.dirs" value="C:\Software\Java\jdk1.7.0_67\jre\lib\ext;C:\Windows\Sun\Java\lib\ext"/>
    <property name="user.dir" value="C:\Users\Itamar\.jenkins\jobs\maven-example\workspace"/>
    <property name="JOB_URL" value="http://localhost:8080/job/maven-example/"/>
    <property name="LOGONSERVER" value="\\MicrosoftAccount"/>
    <property name="USERDOMAIN" value="ITAMAR"/>
    <property name="line.separator" value="
"/>
    <property name="MAVEN_HOME" value="C:\Software\Maven\apache-maven-3.1.1"/>
    <property name="java.vm.name" value="Java HotSpot(TM) 64-Bit Server VM"/>
    <property name="BUILD_NUMBER" value="92"/>
    <property name="JENKINS_URL" value="http://localhost:8080/"/>
    <property name="PROCESSOR_REVISION" value="4501"/>
    <property name="GIT_BRANCH" value="origin/master"/>
    <property name="ProgramW6432" value="C:\Program Files"/>
    <property name="windir" value="C:\Windows"/>
    <property name="GIT_COMMIT" value="2ef7ced10193be6dd0bbeec9724ed8ec9ee3c454"/>
    <property name="=C:" value="c:\Software\Jenkins\1.583"/>
    <property name="file.encoding" value="Cp1255"/>
    <property name="SystemDrive" value="C:"/>
    <property name="maven3.interceptor" value="C:\Users\Itamar\.jenkins\plugins\maven-plugin\WEB-INF\lib\maven31-interceptor-1.5.jar"/>
    <property name="WORKSPACE" value="C:\Users\Itamar\.jenkins\jobs\maven-example\workspace"/>
    <property name="maven3.interceptor.common" value="C:\Users\Itamar\.jenkins\plugins\maven-plugin\WEB-INF\lib\maven3-interceptor-commons-1.5.jar"/>
    <property name="java.specification.version" value="1.7"/>
    <property name="PSModulePath" value="C:\Windows\system32\WindowsPowerShell\v1.0\Modules\"/>
    <property name="GIT_URL" value="https://github.com/itamarb/maven-example.git"/>
  </properties>
  <testcase time="0.001" classname="artifactory.test.AppTest" name="testApp"/>
</testsuite>